2025-08-15 16:28:52,598 - INFO - Starting CUHK course scraping for all subjects
2025-08-15 16:28:52,598 - INFO - 📝 File logging initialized: logs/scraper_20250815_162852.log
2025-08-15 16:28:52,641 - INFO - Getting subjects from live website...
2025-08-15 16:28:53,226 - INFO - Found 263 subjects from live site
2025-08-15 16:28:53,226 - INFO - Found 263 subjects: ['ACCT', 'ACPY', 'AENP', 'AEPT', 'AIMS', 'AIST', 'ANAT', 'ANIC', 'ANTH', 'APEP']...
2025-08-15 16:28:53,226 - INFO - Starting production scraping...
2025-08-15 16:28:53,226 - INFO - Configuration:
2025-08-15 16:28:53,226 - INFO -   - Unlimited courses per subject
2025-08-15 16:28:53,226 - INFO -   - Full course details enabled
2025-08-15 16:28:53,226 - INFO -   - Enrollment details enabled
2025-08-15 16:28:53,226 - INFO -   - Per-subject JSON files in /data/
2025-08-15 16:28:53,226 - INFO -   - Progress tracking enabled
2025-08-15 16:28:53,226 - INFO -   - Subject titles included in metadata
2025-08-15 16:28:53,226 - ERROR - Scraping failed: CuhkScraper.scrape_and_export_production() got an unexpected keyword argument 'get_details'
2025-08-15 16:28:53,226 - INFO - Check the progress file to see completed subjects.
2025-08-15 16:28:53,226 - INFO - Re-run with specific subjects to retry failures.
2025-08-15 18:30:49,286 - INFO - Starting CUHK course scraping for all subjects
2025-08-15 18:30:49,286 - INFO - 📝 File logging initialized: logs/scraper_20250815_183049.log
2025-08-15 18:30:49,318 - INFO - Getting subjects from live website...
2025-08-15 18:30:50,421 - INFO - Found 263 subjects from live site
2025-08-15 18:30:50,421 - INFO - Found 1 subjects: ['CSCI']
2025-08-15 18:30:50,421 - INFO - Starting production scraping...
2025-08-15 18:30:50,421 - INFO - Configuration:
2025-08-15 18:30:50,421 - INFO -   - Unlimited courses per subject
2025-08-15 18:30:50,421 - INFO -   - Full course details enabled
2025-08-15 18:30:50,421 - INFO -   - Enrollment details enabled
2025-08-15 18:30:50,421 - INFO -   - Course outcome data enabled
2025-08-15 18:30:50,421 - INFO -   - Per-subject JSON files in /data/
2025-08-15 18:30:50,421 - INFO -   - Progress tracking enabled
2025-08-15 18:30:50,421 - INFO -   - Subject titles included in metadata
2025-08-15 18:30:50,421 - INFO - 🛡️  Starting scraping for 1 subjects
2025-08-15 18:30:50,422 - INFO - 📁 Saving to: data/
2025-08-15 18:30:50,422 - INFO - 💾 Mode: Memory-safe with immediate saves
2025-08-15 18:30:50,422 - INFO - 📋 Fetching subject titles from live website...
2025-08-15 18:30:50,657 - INFO - 📋 Found 263 subjects with titles from live site
2025-08-15 18:30:50,658 - INFO - ✅ Cached 263 subject titles for metadata
2025-08-15 18:30:50,660 - INFO - Preserved data for 263 existing subjects
2025-08-15 18:30:50,661 - INFO - 📊 Progress tracking enabled: data/scraping_progress.json
2025-08-15 18:30:50,661 - INFO - 🔄 Processing CSCI (1/1)
2025-08-15 18:30:50,661 - INFO - 📋 Scraping CSCI, attempt 1
2025-08-15 18:30:51,136 - INFO - 🔤 OCR produced: V3MZ (awaiting server validation)
2025-08-15 18:30:51,574 - WARNING - 🚫 Captcha rejected for CSCI (attempt 1): captcha_failed - Invalid Verification Code
2025-08-15 18:30:52,577 - INFO - 📋 Scraping CSCI, attempt 2
2025-08-15 18:30:53,019 - INFO - 🔤 OCR produced: R56T (awaiting server validation)
2025-08-15 18:30:53,784 - INFO - ✅ Captcha accepted for CSCI: has_courses
2025-08-15 18:30:53,808 - INFO - Parsed 83 courses from results table
2025-08-15 18:30:53,812 - INFO - 🚀 Started scraping CSCI
2025-08-15 18:30:53,812 - INFO - Getting details for all 83 courses...
2025-08-15 18:30:53,812 - INFO - 📖 Getting details for course 1/83: 1020
2025-08-15 18:30:54,476 - INFO - Navigating to Course Outcome page for 1020
2025-08-15 18:30:55,073 - INFO - Course Outcome parsed for 1020
2025-08-15 18:30:55,074 - INFO - Found 1 terms for 1020: ['2025-26 Term 2']
2025-08-15 18:30:55,074 - INFO - Scraping term 1/1: 2025-26 Term 2 for 1020
2025-08-15 18:30:55,082 - INFO - 'Show sections' button disabled for 2025-26 Term 2 - sections should already be visible
2025-08-15 18:30:55,090 - INFO - Getting enrollment details for section: --LEC (6161)
2025-08-15 18:30:55,773 - INFO - Getting enrollment details for section: -L01-LAB (7916)
2025-08-15 18:30:56,397 - INFO - Extracted details for 1020: Credits=1.00, Terms=1
2025-08-15 18:30:57,404 - INFO - 📖 Getting details for course 2/83: 1030
2025-08-15 18:30:58,028 - INFO - Navigating to Course Outcome page for 1030
2025-08-15 18:30:58,624 - INFO - Course Outcome parsed for 1030
2025-08-15 18:30:58,624 - INFO - No term dropdown found for 1030, using current data
2025-08-15 18:30:59,636 - INFO - 📖 Getting details for course 3/83: 1040
2025-08-15 18:31:00,612 - INFO - Navigating to Course Outcome page for 1040
2025-08-15 18:31:01,202 - INFO - Course Outcome parsed for 1040
2025-08-15 18:31:01,202 - INFO - No term dropdown found for 1040, using current data
2025-08-15 18:31:02,212 - INFO - 📖 Getting details for course 4/83: 1120
2025-08-15 18:31:02,920 - INFO - Navigating to Course Outcome page for 1120
2025-08-15 18:31:03,662 - INFO - Course Outcome parsed for 1120
2025-08-15 18:31:03,663 - INFO - Found 1 terms for 1120: ['2025-26 Term 1']
2025-08-15 18:31:03,663 - INFO - Scraping term 1/1: 2025-26 Term 1 for 1120
2025-08-15 18:31:03,676 - INFO - 'Show sections' button disabled for 2025-26 Term 1 - sections should already be visible
2025-08-15 18:31:03,685 - INFO - Getting enrollment details for section: A-LEC (5986)
2025-08-15 18:31:04,452 - INFO - Getting enrollment details for section: AT01-TUT (9244)
2025-08-15 18:31:05,132 - INFO - Getting enrollment details for section: B-LEC (5120)
2025-08-15 18:31:05,890 - INFO - Getting enrollment details for section: BT01-TUT (6869)
2025-08-15 18:31:06,622 - INFO - Extracted details for 1120: Credits=3.00, Terms=1
2025-08-15 18:31:07,627 - INFO - 📖 Getting details for course 5/83: 1130
2025-08-15 18:31:08,528 - INFO - Navigating to Course Outcome page for 1130
2025-08-15 18:31:09,136 - INFO - Course Outcome parsed for 1130
2025-08-15 18:31:09,137 - INFO - Found 1 terms for 1130: ['2025-26 Term 1']
2025-08-15 18:31:09,137 - INFO - Scraping term 1/1: 2025-26 Term 1 for 1130
2025-08-15 18:31:09,154 - INFO - 'Show sections' button disabled for 2025-26 Term 1 - sections should already be visible
2025-08-15 18:31:09,162 - INFO - Getting enrollment details for section: A-LEC (5987)
2025-08-15 18:31:09,906 - INFO - Getting enrollment details for section: AT01-TUT (6870)
2025-08-15 18:31:10,674 - INFO - Getting enrollment details for section: B-LEC (6871)
2025-08-15 18:31:11,550 - INFO - Getting enrollment details for section: BT01-TUT (6883)
2025-08-15 18:31:12,269 - INFO - Extracted details for 1130: Credits=3.00, Terms=1
2025-08-15 18:31:13,271 - INFO - 📖 Getting details for course 6/83: 1510
2025-08-15 18:31:14,084 - INFO - Navigating to Course Outcome page for 1510
2025-08-15 18:31:14,746 - INFO - Course Outcome parsed for 1510
2025-08-15 18:31:14,747 - INFO - Found 1 terms for 1510: ['2025-26 Term 2']
2025-08-15 18:31:14,747 - INFO - Scraping term 1/1: 2025-26 Term 2 for 1510
2025-08-15 18:31:14,757 - INFO - 'Show sections' button disabled for 2025-26 Term 2 - sections should already be visible
2025-08-15 18:31:14,765 - INFO - Getting enrollment details for section: --LEC (6105)
2025-08-15 18:31:15,459 - INFO - Getting enrollment details for section: -T01-TUT (6913)
2025-08-15 18:31:15,915 - INFO - Scraping interrupted by user
2025-08-15 18:31:55,591 - INFO - Starting CUHK course scraping for all subjects
2025-08-15 18:31:55,591 - INFO - 📝 File logging initialized: logs/scraper_20250815_183155.log
2025-08-15 18:31:55,623 - INFO - Getting subjects from live website...
2025-08-15 18:31:56,208 - INFO - Found 263 subjects from live site
2025-08-15 18:31:56,208 - INFO - Found 1 subjects: ['ARTS']
2025-08-15 18:31:56,208 - INFO - Starting production scraping...
2025-08-15 18:31:56,208 - INFO - Configuration:
2025-08-15 18:31:56,208 - INFO -   - Unlimited courses per subject
2025-08-15 18:31:56,208 - INFO -   - Full course details enabled
2025-08-15 18:31:56,208 - INFO -   - Enrollment details enabled
2025-08-15 18:31:56,208 - INFO -   - Course outcome data enabled
2025-08-15 18:31:56,208 - INFO -   - Per-subject JSON files in /data/
2025-08-15 18:31:56,208 - INFO -   - Progress tracking enabled
2025-08-15 18:31:56,208 - INFO -   - Subject titles included in metadata
2025-08-15 18:31:56,208 - INFO - 🛡️  Starting scraping for 1 subjects
2025-08-15 18:31:56,208 - INFO - 📁 Saving to: data/
2025-08-15 18:31:56,208 - INFO - 💾 Mode: Memory-safe with immediate saves
2025-08-15 18:31:56,208 - INFO - 📋 Fetching subject titles from live website...
2025-08-15 18:31:56,446 - INFO - 📋 Found 263 subjects with titles from live site
2025-08-15 18:31:56,446 - INFO - ✅ Cached 263 subject titles for metadata
2025-08-15 18:31:56,449 - INFO - Preserved data for 263 existing subjects
2025-08-15 18:31:56,450 - INFO - 📊 Progress tracking enabled: data/scraping_progress.json
2025-08-15 18:31:56,450 - INFO - 🔄 Processing ARTS (1/1)
2025-08-15 18:31:56,450 - INFO - 📋 Scraping ARTS, attempt 1
2025-08-15 18:31:56,934 - INFO - 🔤 OCR produced: GB5R (awaiting server validation)
2025-08-15 18:31:57,532 - INFO - ✅ Captcha accepted for ARTS: has_courses
2025-08-15 18:31:57,544 - INFO - Parsed 11 courses from results table
2025-08-15 18:31:57,547 - INFO - 🚀 Started scraping ARTS
2025-08-15 18:31:57,547 - INFO - Getting details for all 11 courses...
2025-08-15 18:31:57,547 - INFO - 📖 Getting details for course 1/11: 1001
2025-08-15 18:31:58,142 - INFO - Navigating to Course Outcome page for 1001
2025-08-15 18:31:58,773 - INFO - Course Outcome parsed for 1001
2025-08-15 18:31:58,773 - INFO - No term dropdown found for 1001, using current data
2025-08-15 18:31:59,782 - INFO - 📖 Getting details for course 2/11: 1002
2025-08-15 18:32:00,505 - INFO - Navigating to Course Outcome page for 1002
2025-08-15 18:32:01,071 - INFO - Course Outcome parsed for 1002
2025-08-15 18:32:01,071 - INFO - No term dropdown found for 1002, using current data
2025-08-15 18:32:02,084 - INFO - 📖 Getting details for course 3/11: 1003
2025-08-15 18:32:02,827 - INFO - Navigating to Course Outcome page for 1003
2025-08-15 18:32:03,399 - INFO - Course Outcome parsed for 1003
2025-08-15 18:32:03,400 - INFO - No term dropdown found for 1003, using current data
2025-08-15 18:32:04,417 - INFO - 📖 Getting details for course 4/11: 1005
2025-08-15 18:32:05,049 - INFO - Navigating to Course Outcome page for 1005
2025-08-15 18:32:05,689 - INFO - Course Outcome parsed for 1005
2025-08-15 18:32:05,690 - INFO - No term dropdown found for 1005, using current data
2025-08-15 18:32:06,703 - INFO - 📖 Getting details for course 5/11: 1007
2025-08-15 18:32:07,388 - INFO - Navigating to Course Outcome page for 1007
2025-08-15 18:32:08,012 - INFO - Course Outcome parsed for 1007
2025-08-15 18:32:08,013 - INFO - No term dropdown found for 1007, using current data
2025-08-15 18:32:09,023 - INFO - 📖 Getting details for course 6/11: 1008
2025-08-15 18:32:09,715 - INFO - Navigating to Course Outcome page for 1008
2025-08-15 18:32:10,359 - INFO - Course Outcome parsed for 1008
2025-08-15 18:32:10,360 - INFO - No term dropdown found for 1008, using current data
2025-08-15 18:32:11,368 - INFO - 📖 Getting details for course 7/11: 1010
2025-08-15 18:32:12,111 - INFO - Navigating to Course Outcome page for 1010
2025-08-15 18:32:12,711 - INFO - Course Outcome parsed for 1010
2025-08-15 18:32:12,712 - INFO - Found 1 terms for 1010: ['2025-26 Term 1']
2025-08-15 18:32:12,713 - INFO - Scraping term 1/1: 2025-26 Term 1 for 1010
2025-08-15 18:32:12,725 - INFO - 'Show sections' button disabled for 2025-26 Term 1 - sections should already be visible
2025-08-15 18:32:12,733 - INFO - Getting enrollment details for section: --LEC (5033)
2025-08-15 18:32:13,454 - INFO - Getting enrollment details for section: -T01-TUT (5034)
2025-08-15 18:32:14,171 - INFO - Extracted details for 1010: Credits=3.00, Terms=1
2025-08-15 18:32:15,174 - INFO - 📖 Getting details for course 8/11: 6000
2025-08-15 18:32:15,880 - INFO - Navigating to Course Outcome page for 6000
2025-08-15 18:32:16,630 - INFO - Course Outcome parsed for 6000
2025-08-15 18:32:16,631 - INFO - No term dropdown found for 6000, using current data
2025-08-15 18:32:17,640 - INFO - 📖 Getting details for course 9/11: 6002
2025-08-15 18:32:18,427 - INFO - Navigating to Course Outcome page for 6002
2025-08-15 18:32:19,482 - INFO - Course Outcome parsed for 6002
2025-08-15 18:32:19,483 - INFO - Found 2 terms for 6002: ['2025-26 Term 1', '2025-26 Term 2']
2025-08-15 18:32:19,483 - INFO - Scraping term 1/2: 2025-26 Term 1 for 6002
2025-08-15 18:32:19,496 - INFO - Clicking 'Show sections' for 2025-26 Term 1
2025-08-15 18:32:20,040 - INFO - Getting enrollment details for section: --LEC (2870)
2025-08-15 18:32:21,841 - INFO - Scraping term 2/2: 2025-26 Term 2 for 6002
2025-08-15 18:32:21,860 - INFO - Switching to 2025-26 Term 2 for 6002
2025-08-15 18:32:22,368 - INFO - Clicking 'Show sections' for 2025-26 Term 2
2025-08-15 18:32:22,852 - INFO - Getting enrollment details for section: --LEC (4505)
2025-08-15 18:32:23,609 - INFO - Extracted details for 6002: Credits=3.00, Terms=2
2025-08-15 18:32:24,612 - INFO - 📖 Getting details for course 10/11: 7001
2025-08-15 18:32:25,301 - INFO - Navigating to Course Outcome page for 7001
2025-08-15 18:32:25,998 - INFO - Course Outcome parsed for 7001
2025-08-15 18:32:25,999 - INFO - No term dropdown found for 7001, using current data
2025-08-15 18:32:27,009 - INFO - 📖 Getting details for course 11/11: 7002
2025-08-15 18:32:27,730 - INFO - Navigating to Course Outcome page for 7002
2025-08-15 18:32:28,282 - INFO - Course Outcome parsed for 7002
2025-08-15 18:32:28,283 - INFO - Found 1 terms for 7002: ['2025-26 Term 2']
2025-08-15 18:32:28,283 - INFO - Scraping term 1/1: 2025-26 Term 2 for 7002
2025-08-15 18:32:28,296 - INFO - 'Show sections' button disabled for 2025-26 Term 2 - sections should already be visible
2025-08-15 18:32:28,304 - INFO - Getting enrollment details for section: --LEC (2227)
2025-08-15 18:32:29,103 - INFO - Getting enrollment details for section: -T01-TUT (2228)
2025-08-15 18:32:30,009 - INFO - Extracted details for 7002: Credits=3.00, Terms=1
2025-08-15 18:32:30,010 - INFO - 🔍 ARTS: Found 11 courses
2025-08-15 18:32:30,015 - INFO - 💾 SAVED ARTS → data/ARTS.json
2025-08-15 18:32:30,021 - INFO - ✅ Completed ARTS: 11 courses in 0.6 minutes
2025-08-15 18:32:30,021 - INFO - ✅ ARTS completed: 11 courses in 0.6min → data/ARTS.json
2025-08-15 18:32:30,042 - INFO - 🎉 SCRAPING COMPLETED!
2025-08-15 18:32:30,042 - INFO - ✅ Completed: 1 subjects
2025-08-15 18:32:30,042 - INFO - ❌ Failed: 0 subjects
2025-08-15 18:32:30,042 - INFO - Scraping completed!
2025-08-15 18:32:30,042 - INFO - Summary: Production scraping completed: 1 subjects successful, 0 failed
2025-08-15 20:02:29,195 - INFO - Starting CUHK course scraping for all subjects
2025-08-15 20:02:29,197 - INFO - 📝 File logging initialized: logs/scraper_20250815_200229.log
2025-08-15 20:02:29,555 - INFO - Getting subjects from live website...
2025-08-15 20:02:30,870 - INFO - Found 263 subjects from live site
2025-08-15 20:02:30,874 - INFO - Found 1 subjects: ['ARTS']
2025-08-15 20:02:30,874 - INFO - Starting production scraping...
2025-08-15 20:02:30,874 - INFO - Configuration:
2025-08-15 20:02:30,874 - INFO -   - Unlimited courses per subject
2025-08-15 20:02:30,874 - INFO -   - Full course details enabled
2025-08-15 20:02:30,878 - INFO -   - Enrollment details enabled
2025-08-15 20:02:30,878 - INFO -   - Course outcome data enabled
2025-08-15 20:02:30,878 - INFO -   - Per-subject JSON files in /data/
2025-08-15 20:02:30,878 - INFO -   - Progress tracking enabled
2025-08-15 20:02:30,878 - INFO -   - Subject titles included in metadata
2025-08-15 20:02:30,878 - INFO - 🛡️  Starting scraping for 1 subjects
2025-08-15 20:02:30,878 - INFO - 📁 Saving to: data/
2025-08-15 20:02:30,878 - INFO - 💾 Mode: Memory-safe with immediate saves
2025-08-15 20:02:30,878 - INFO - 📋 Fetching subject titles from live website...
2025-08-15 20:02:31,265 - INFO - 📋 Found 263 subjects with titles from live site
2025-08-15 20:02:31,265 - INFO - ✅ Cached 263 subject titles for metadata
2025-08-15 20:02:31,280 - INFO - Preserved data for 263 existing subjects
2025-08-15 20:02:31,286 - INFO - 📊 Progress tracking enabled: data/scraping_progress.json
2025-08-15 20:02:31,288 - INFO - 🔄 Processing ARTS (1/1)
2025-08-15 20:02:31,291 - INFO - 📋 Scraping ARTS, attempt 1
2025-08-15 20:02:32,988 - INFO - 🔤 OCR produced: A8KF (awaiting server validation)
2025-08-15 20:02:34,192 - INFO - ✅ Captcha accepted for ARTS: has_courses
2025-08-15 20:02:34,207 - INFO - Parsed 11 courses from results table
2025-08-15 20:02:34,212 - INFO - 🚀 Started scraping ARTS
2025-08-15 20:02:34,212 - INFO - Getting details for all 11 courses...
2025-08-15 20:02:34,212 - INFO - 📖 Getting details for course 1/11: 1001
2025-08-15 20:02:34,849 - INFO - Navigating to Course Outcome page for 1001
2025-08-15 20:02:35,503 - WARNING - markdownify not available, falling back to text extraction
2025-08-15 20:02:35,504 - WARNING - markdownify not available, falling back to text extraction
2025-08-15 20:02:35,507 - WARNING - markdownify not available, falling back to text extraction
2025-08-15 20:02:35,508 - WARNING - markdownify not available, falling back to text extraction
2025-08-15 20:02:35,509 - WARNING - markdownify not available, falling back to text extraction
2025-08-15 20:02:35,509 - INFO - Course Outcome parsed for 1001
2025-08-15 20:02:35,509 - INFO - No term dropdown found for 1001, using current data
2025-08-15 20:02:36,514 - INFO - 📖 Getting details for course 2/11: 1002
2025-08-15 20:02:37,302 - INFO - Navigating to Course Outcome page for 1002
2025-08-15 20:02:38,157 - WARNING - markdownify not available, falling back to text extraction
2025-08-15 20:02:38,158 - WARNING - markdownify not available, falling back to text extraction
2025-08-15 20:02:38,158 - WARNING - markdownify not available, falling back to text extraction
2025-08-15 20:02:38,159 - WARNING - markdownify not available, falling back to text extraction
2025-08-15 20:02:38,162 - WARNING - markdownify not available, falling back to text extraction
2025-08-15 20:02:38,163 - INFO - Course Outcome parsed for 1002
2025-08-15 20:02:38,163 - INFO - No term dropdown found for 1002, using current data
2025-08-15 20:02:39,171 - INFO - 📖 Getting details for course 3/11: 1003
2025-08-15 20:02:40,017 - INFO - Navigating to Course Outcome page for 1003
2025-08-15 20:02:40,810 - WARNING - markdownify not available, falling back to text extraction
2025-08-15 20:02:40,812 - WARNING - markdownify not available, falling back to text extraction
2025-08-15 20:02:40,816 - WARNING - markdownify not available, falling back to text extraction
2025-08-15 20:02:40,816 - WARNING - markdownify not available, falling back to text extraction
2025-08-15 20:02:40,820 - WARNING - markdownify not available, falling back to text extraction
2025-08-15 20:02:40,821 - INFO - Course Outcome parsed for 1003
2025-08-15 20:02:40,824 - INFO - No term dropdown found for 1003, using current data
2025-08-15 20:02:41,856 - INFO - 📖 Getting details for course 4/11: 1005
2025-08-15 20:02:42,562 - INFO - Navigating to Course Outcome page for 1005
2025-08-15 20:02:43,465 - WARNING - markdownify not available, falling back to text extraction
2025-08-15 20:02:43,468 - WARNING - markdownify not available, falling back to text extraction
2025-08-15 20:02:43,493 - WARNING - markdownify not available, falling back to text extraction
2025-08-15 20:02:43,494 - WARNING - markdownify not available, falling back to text extraction
2025-08-15 20:02:43,496 - WARNING - markdownify not available, falling back to text extraction
2025-08-15 20:02:43,496 - INFO - Course Outcome parsed for 1005
2025-08-15 20:02:43,497 - INFO - No term dropdown found for 1005, using current data
2025-08-15 20:02:44,519 - INFO - 📖 Getting details for course 5/11: 1007
2025-08-15 20:02:45,398 - INFO - Navigating to Course Outcome page for 1007
2025-08-15 20:02:46,061 - WARNING - markdownify not available, falling back to text extraction
2025-08-15 20:02:46,061 - WARNING - markdownify not available, falling back to text extraction
2025-08-15 20:02:46,062 - WARNING - markdownify not available, falling back to text extraction
2025-08-15 20:02:46,062 - WARNING - markdownify not available, falling back to text extraction
2025-08-15 20:02:46,063 - WARNING - markdownify not available, falling back to text extraction
2025-08-15 20:02:46,063 - INFO - Course Outcome parsed for 1007
2025-08-15 20:02:46,063 - INFO - No term dropdown found for 1007, using current data
2025-08-15 20:02:47,071 - INFO - 📖 Getting details for course 6/11: 1008
2025-08-15 20:02:47,953 - INFO - Navigating to Course Outcome page for 1008
2025-08-15 20:02:48,666 - WARNING - markdownify not available, falling back to text extraction
2025-08-15 20:02:48,668 - WARNING - markdownify not available, falling back to text extraction
2025-08-15 20:02:48,668 - WARNING - markdownify not available, falling back to text extraction
2025-08-15 20:02:48,669 - WARNING - markdownify not available, falling back to text extraction
2025-08-15 20:02:48,669 - WARNING - markdownify not available, falling back to text extraction
2025-08-15 20:02:48,669 - INFO - Course Outcome parsed for 1008
2025-08-15 20:02:48,669 - INFO - No term dropdown found for 1008, using current data
2025-08-15 20:02:49,675 - INFO - 📖 Getting details for course 7/11: 1010
2025-08-15 20:02:50,413 - INFO - Navigating to Course Outcome page for 1010
2025-08-15 20:02:51,897 - WARNING - markdownify not available, falling back to text extraction
2025-08-15 20:02:51,898 - WARNING - markdownify not available, falling back to text extraction
2025-08-15 20:02:51,904 - WARNING - markdownify not available, falling back to text extraction
2025-08-15 20:02:51,904 - WARNING - markdownify not available, falling back to text extraction
2025-08-15 20:02:51,905 - WARNING - markdownify not available, falling back to text extraction
2025-08-15 20:02:51,906 - INFO - Course Outcome parsed for 1010
2025-08-15 20:02:51,906 - INFO - Found 1 terms for 1010: ['2025-26 Term 1']
2025-08-15 20:02:51,907 - INFO - Scraping term 1/1: 2025-26 Term 1 for 1010
2025-08-15 20:02:51,915 - INFO - 'Show sections' button disabled for 2025-26 Term 1 - sections should already be visible
2025-08-15 20:02:51,934 - INFO - Getting enrollment details for section: --LEC (5033)
2025-08-15 20:02:52,713 - INFO - Getting enrollment details for section: -T01-TUT (5034)
2025-08-15 20:02:54,040 - INFO - Extracted details for 1010: Credits=3.00, Terms=1
2025-08-15 20:02:55,046 - INFO - 📖 Getting details for course 8/11: 6000
2025-08-15 20:02:55,784 - INFO - Navigating to Course Outcome page for 6000
2025-08-15 20:02:56,519 - WARNING - markdownify not available, falling back to text extraction
2025-08-15 20:02:56,519 - WARNING - markdownify not available, falling back to text extraction
2025-08-15 20:02:56,520 - WARNING - markdownify not available, falling back to text extraction
2025-08-15 20:02:56,520 - WARNING - markdownify not available, falling back to text extraction
2025-08-15 20:02:56,521 - WARNING - markdownify not available, falling back to text extraction
2025-08-15 20:02:56,521 - INFO - Course Outcome parsed for 6000
2025-08-15 20:02:56,521 - INFO - No term dropdown found for 6000, using current data
2025-08-15 20:02:57,530 - INFO - 📖 Getting details for course 9/11: 6002
2025-08-15 20:02:58,333 - INFO - Navigating to Course Outcome page for 6002
2025-08-15 20:02:59,451 - WARNING - markdownify not available, falling back to text extraction
2025-08-15 20:02:59,451 - WARNING - markdownify not available, falling back to text extraction
2025-08-15 20:02:59,452 - WARNING - markdownify not available, falling back to text extraction
2025-08-15 20:02:59,453 - WARNING - markdownify not available, falling back to text extraction
2025-08-15 20:02:59,453 - WARNING - markdownify not available, falling back to text extraction
2025-08-15 20:02:59,454 - INFO - Course Outcome parsed for 6002
2025-08-15 20:02:59,454 - INFO - Found 2 terms for 6002: ['2025-26 Term 1', '2025-26 Term 2']
2025-08-15 20:02:59,454 - INFO - Scraping term 1/2: 2025-26 Term 1 for 6002
2025-08-15 20:02:59,458 - INFO - Clicking 'Show sections' for 2025-26 Term 1
2025-08-15 20:03:00,667 - INFO - Getting enrollment details for section: --LEC (2870)
2025-08-15 20:03:03,040 - INFO - Scraping term 2/2: 2025-26 Term 2 for 6002
2025-08-15 20:03:03,130 - INFO - Switching to 2025-26 Term 2 for 6002
2025-08-15 20:03:04,316 - INFO - Clicking 'Show sections' for 2025-26 Term 2
2025-08-15 20:03:05,186 - INFO - Getting enrollment details for section: --LEC (4505)
2025-08-15 20:03:06,084 - INFO - Extracted details for 6002: Credits=3.00, Terms=2
2025-08-15 20:03:07,087 - INFO - 📖 Getting details for course 10/11: 7001
2025-08-15 20:03:08,068 - INFO - Navigating to Course Outcome page for 7001
2025-08-15 20:03:09,061 - WARNING - markdownify not available, falling back to text extraction
2025-08-15 20:03:09,062 - WARNING - markdownify not available, falling back to text extraction
2025-08-15 20:03:09,064 - WARNING - markdownify not available, falling back to text extraction
2025-08-15 20:03:09,065 - WARNING - markdownify not available, falling back to text extraction
2025-08-15 20:03:09,066 - WARNING - markdownify not available, falling back to text extraction
2025-08-15 20:03:09,068 - INFO - Course Outcome parsed for 7001
2025-08-15 20:03:09,068 - INFO - No term dropdown found for 7001, using current data
2025-08-15 20:03:10,080 - INFO - 📖 Getting details for course 11/11: 7002
2025-08-15 20:03:11,168 - INFO - Navigating to Course Outcome page for 7002
2025-08-15 20:03:11,880 - WARNING - markdownify not available, falling back to text extraction
2025-08-15 20:03:11,881 - WARNING - markdownify not available, falling back to text extraction
2025-08-15 20:03:11,883 - WARNING - markdownify not available, falling back to text extraction
2025-08-15 20:03:11,884 - WARNING - markdownify not available, falling back to text extraction
2025-08-15 20:03:11,885 - WARNING - markdownify not available, falling back to text extraction
2025-08-15 20:03:11,885 - INFO - Course Outcome parsed for 7002
2025-08-15 20:03:11,886 - INFO - Found 1 terms for 7002: ['2025-26 Term 2']
2025-08-15 20:03:11,886 - INFO - Scraping term 1/1: 2025-26 Term 2 for 7002
2025-08-15 20:03:11,900 - INFO - 'Show sections' button disabled for 2025-26 Term 2 - sections should already be visible
2025-08-15 20:03:11,905 - INFO - Getting enrollment details for section: --LEC (2227)
2025-08-15 20:03:12,979 - INFO - Getting enrollment details for section: -T01-TUT (2228)
2025-08-15 20:03:15,224 - INFO - Extracted details for 7002: Credits=3.00, Terms=1
2025-08-15 20:03:15,226 - INFO - 🔍 ARTS: Found 11 courses
2025-08-15 20:03:15,231 - INFO - 💾 SAVED ARTS → data/ARTS.json
2025-08-15 20:03:15,237 - INFO - ✅ Completed ARTS: 11 courses in 0.7 minutes
2025-08-15 20:03:15,238 - INFO - ✅ ARTS completed: 11 courses in 0.7min → data/ARTS.json
2025-08-15 20:03:15,314 - INFO - 🎉 SCRAPING COMPLETED!
2025-08-15 20:03:15,314 - INFO - ✅ Completed: 1 subjects
2025-08-15 20:03:15,314 - INFO - ❌ Failed: 0 subjects
2025-08-15 20:03:15,314 - INFO - Scraping completed!
2025-08-15 20:03:15,314 - INFO - Summary: Production scraping completed: 1 subjects successful, 0 failed
2025-08-15 20:04:26,516 - INFO - Starting CUHK course scraping for all subjects
2025-08-15 20:04:26,517 - INFO - 📝 File logging initialized: logs/scraper_20250815_200426.log
2025-08-15 20:04:26,761 - INFO - Getting subjects from live website...
2025-08-15 20:04:27,396 - INFO - Found 263 subjects from live site
2025-08-15 20:04:27,396 - INFO - Found 1 subjects: ['ARTS']
2025-08-15 20:04:27,396 - INFO - Starting production scraping...
2025-08-15 20:04:27,396 - INFO - Configuration:
2025-08-15 20:04:27,396 - INFO -   - Unlimited courses per subject
2025-08-15 20:04:27,396 - INFO -   - Full course details enabled
2025-08-15 20:04:27,396 - INFO -   - Enrollment details enabled
2025-08-15 20:04:27,396 - INFO -   - Course outcome data enabled
2025-08-15 20:04:27,396 - INFO -   - Per-subject JSON files in /data/
2025-08-15 20:04:27,396 - INFO -   - Progress tracking enabled
2025-08-15 20:04:27,396 - INFO -   - Subject titles included in metadata
2025-08-15 20:04:27,396 - INFO - 🛡️  Starting scraping for 1 subjects
2025-08-15 20:04:27,396 - INFO - 📁 Saving to: data/
2025-08-15 20:04:27,396 - INFO - 💾 Mode: Memory-safe with immediate saves
2025-08-15 20:04:27,396 - INFO - 📋 Fetching subject titles from live website...
2025-08-15 20:04:27,783 - INFO - 📋 Found 263 subjects with titles from live site
2025-08-15 20:04:27,794 - INFO - ✅ Cached 263 subject titles for metadata
2025-08-15 20:04:27,809 - INFO - Preserved data for 263 existing subjects
2025-08-15 20:04:27,810 - INFO - 📊 Progress tracking enabled: data/scraping_progress.json
2025-08-15 20:04:27,810 - INFO - 🔄 Processing ARTS (1/1)
2025-08-15 20:04:27,810 - INFO - 📋 Scraping ARTS, attempt 1
2025-08-15 20:04:28,469 - INFO - 🔤 OCR produced: BW83 (awaiting server validation)
2025-08-15 20:04:29,093 - INFO - ✅ Captcha accepted for ARTS: has_courses
2025-08-15 20:04:29,098 - INFO - Parsed 11 courses from results table
2025-08-15 20:04:29,102 - INFO - 🚀 Started scraping ARTS
2025-08-15 20:04:29,102 - INFO - Getting details for all 11 courses...
2025-08-15 20:04:29,102 - INFO - 📖 Getting details for course 1/11: 1001
2025-08-15 20:04:29,835 - INFO - Navigating to Course Outcome page for 1001
2025-08-15 20:04:30,602 - INFO - Course Outcome parsed for 1001
2025-08-15 20:04:30,602 - INFO - No term dropdown found for 1001, using current data
2025-08-15 20:04:31,611 - INFO - 📖 Getting details for course 2/11: 1002
2025-08-15 20:04:32,200 - INFO - Navigating to Course Outcome page for 1002
2025-08-15 20:04:32,960 - INFO - Course Outcome parsed for 1002
2025-08-15 20:04:32,961 - INFO - No term dropdown found for 1002, using current data
2025-08-15 20:04:33,993 - INFO - 📖 Getting details for course 3/11: 1003
2025-08-15 20:04:34,643 - INFO - Navigating to Course Outcome page for 1003
2025-08-15 20:04:35,212 - INFO - Course Outcome parsed for 1003
2025-08-15 20:04:35,212 - INFO - No term dropdown found for 1003, using current data
2025-08-15 20:04:36,220 - INFO - 📖 Getting details for course 4/11: 1005
2025-08-15 20:04:36,820 - INFO - Navigating to Course Outcome page for 1005
2025-08-15 20:04:37,502 - INFO - Course Outcome parsed for 1005
2025-08-15 20:04:37,504 - INFO - No term dropdown found for 1005, using current data
2025-08-15 20:04:38,520 - INFO - 📖 Getting details for course 5/11: 1007
2025-08-15 20:04:39,315 - INFO - Navigating to Course Outcome page for 1007
2025-08-15 20:04:39,901 - INFO - Course Outcome parsed for 1007
2025-08-15 20:04:39,902 - INFO - No term dropdown found for 1007, using current data
2025-08-15 20:04:40,913 - INFO - 📖 Getting details for course 6/11: 1008
2025-08-15 20:04:41,567 - INFO - Navigating to Course Outcome page for 1008
2025-08-15 20:04:42,353 - INFO - Course Outcome parsed for 1008
2025-08-15 20:04:42,354 - INFO - No term dropdown found for 1008, using current data
2025-08-15 20:04:43,370 - INFO - 📖 Getting details for course 7/11: 1010
2025-08-15 20:04:44,088 - INFO - Navigating to Course Outcome page for 1010
2025-08-15 20:04:44,850 - INFO - Course Outcome parsed for 1010
2025-08-15 20:04:44,850 - INFO - Found 1 terms for 1010: ['2025-26 Term 1']
2025-08-15 20:04:44,850 - INFO - Scraping term 1/1: 2025-26 Term 1 for 1010
2025-08-15 20:04:44,854 - INFO - 'Show sections' button disabled for 2025-26 Term 1 - sections should already be visible
2025-08-15 20:04:44,859 - INFO - Getting enrollment details for section: --LEC (5033)
2025-08-15 20:04:45,644 - INFO - Getting enrollment details for section: -T01-TUT (5034)
2025-08-15 20:04:46,375 - INFO - Extracted details for 1010: Credits=3.00, Terms=1
2025-08-15 20:04:47,381 - INFO - 📖 Getting details for course 8/11: 6000
2025-08-15 20:04:48,039 - INFO - Navigating to Course Outcome page for 6000
2025-08-15 20:04:48,757 - INFO - Course Outcome parsed for 6000
2025-08-15 20:04:48,759 - INFO - No term dropdown found for 6000, using current data
2025-08-15 20:04:49,772 - INFO - 📖 Getting details for course 9/11: 6002
2025-08-15 20:04:50,634 - INFO - Navigating to Course Outcome page for 6002
2025-08-15 20:04:51,260 - INFO - Course Outcome parsed for 6002
2025-08-15 20:04:51,260 - INFO - Found 2 terms for 6002: ['2025-26 Term 1', '2025-26 Term 2']
2025-08-15 20:04:51,260 - INFO - Scraping term 1/2: 2025-26 Term 1 for 6002
2025-08-15 20:04:51,264 - INFO - Clicking 'Show sections' for 2025-26 Term 1
2025-08-15 20:04:51,960 - INFO - Getting enrollment details for section: --LEC (2870)
2025-08-15 20:04:53,987 - INFO - Scraping term 2/2: 2025-26 Term 2 for 6002
2025-08-15 20:04:54,010 - INFO - Switching to 2025-26 Term 2 for 6002
2025-08-15 20:04:54,621 - INFO - Clicking 'Show sections' for 2025-26 Term 2
2025-08-15 20:04:55,065 - INFO - Getting enrollment details for section: --LEC (4505)
2025-08-15 20:04:55,814 - INFO - Extracted details for 6002: Credits=3.00, Terms=2
2025-08-15 20:04:56,819 - INFO - 📖 Getting details for course 10/11: 7001
2025-08-15 20:04:57,497 - INFO - Navigating to Course Outcome page for 7001
2025-08-15 20:04:58,267 - INFO - Course Outcome parsed for 7001
2025-08-15 20:04:58,268 - INFO - No term dropdown found for 7001, using current data
2025-08-15 20:04:59,276 - INFO - 📖 Getting details for course 11/11: 7002
2025-08-15 20:04:59,974 - INFO - Navigating to Course Outcome page for 7002
2025-08-15 20:05:00,530 - INFO - Course Outcome parsed for 7002
2025-08-15 20:05:00,530 - INFO - Found 1 terms for 7002: ['2025-26 Term 2']
2025-08-15 20:05:00,530 - INFO - Scraping term 1/1: 2025-26 Term 2 for 7002
2025-08-15 20:05:00,534 - INFO - 'Show sections' button disabled for 2025-26 Term 2 - sections should already be visible
2025-08-15 20:05:00,540 - INFO - Getting enrollment details for section: --LEC (2227)
2025-08-15 20:05:01,259 - INFO - Getting enrollment details for section: -T01-TUT (2228)
2025-08-15 20:05:02,007 - INFO - Extracted details for 7002: Credits=3.00, Terms=1
2025-08-15 20:05:02,007 - INFO - 🔍 ARTS: Found 11 courses
2025-08-15 20:05:02,008 - INFO - 💾 SAVED ARTS → data/ARTS.json
2025-08-15 20:05:02,012 - INFO - ✅ Completed ARTS: 11 courses in 0.6 minutes
2025-08-15 20:05:02,012 - INFO - ✅ ARTS completed: 11 courses in 0.6min → data/ARTS.json
2025-08-15 20:05:02,028 - INFO - 🎉 SCRAPING COMPLETED!
2025-08-15 20:05:02,028 - INFO - ✅ Completed: 1 subjects
2025-08-15 20:05:02,028 - INFO - ❌ Failed: 0 subjects
2025-08-15 20:05:02,028 - INFO - Scraping completed!
2025-08-15 20:05:02,028 - INFO - Summary: Production scraping completed: 1 subjects successful, 0 failed
